c:\users\billy_000\documents\micromouse\official\micromouse2017\firmware\firmware\visualgdb\debug\main.o
c:\users\billy_000\documents\micromouse\official\micromouse2017\firmware\firmware\visualgdb\debug\startup_stm32l476xx.o
c:\users\billy_000\documents\micromouse\official\micromouse2017\firmware\firmware\visualgdb\debug\stm32l4xx_hal.o
c:\users\billy_000\documents\micromouse\official\micromouse2017\firmware\firmware\visualgdb\debug\stm32l4xx_hal_cortex.o
c:\users\billy_000\documents\micromouse\official\micromouse2017\firmware\firmware\visualgdb\debug\stm32l4xx_hal_dma.o
c:\users\billy_000\documents\micromouse\official\micromouse2017\firmware\firmware\visualgdb\debug\stm32l4xx_hal_gpio.o
c:\users\billy_000\documents\micromouse\official\micromouse2017\firmware\firmware\visualgdb\debug\stm32l4xx_hal_i2c.o
c:\users\billy_000\documents\micromouse\official\micromouse2017\firmware\firmware\visualgdb\debug\stm32l4xx_hal_i2c_ex.o
c:\users\billy_000\documents\micromouse\official\micromouse2017\firmware\firmware\visualgdb\debug\stm32l4xx_hal_msp.o
c:\users\billy_000\documents\micromouse\official\micromouse2017\firmware\firmware\visualgdb\debug\stm32l4xx_hal_pwr.o
c:\users\billy_000\documents\micromouse\official\micromouse2017\firmware\firmware\visualgdb\debug\stm32l4xx_hal_pwr_ex.o
c:\users\billy_000\documents\micromouse\official\micromouse2017\firmware\firmware\visualgdb\debug\stm32l4xx_hal_rcc.o
c:\users\billy_000\documents\micromouse\official\micromouse2017\firmware\firmware\visualgdb\debug\stm32l4xx_hal_rcc_ex.o
c:\users\billy_000\documents\micromouse\official\micromouse2017\firmware\firmware\visualgdb\debug\stm32l4xx_hal_uart.o
c:\users\billy_000\documents\micromouse\official\micromouse2017\firmware\firmware\visualgdb\debug\stm32l4xx_hal_uart_ex.o
c:\users\billy_000\documents\micromouse\official\micromouse2017\firmware\firmware\visualgdb\debug\stm32l4xx_it.o
c:\users\billy_000\documents\micromouse\official\micromouse2017\firmware\firmware\visualgdb\debug\stm32l4xx_nucleo.o
c:\users\billy_000\documents\micromouse\official\micromouse2017\firmware\firmware\visualgdb\debug\system_stm32l4xx.o
c:\users\billy_000\documents\micromouse\official\micromouse2017\firmware\firmware\visualgdb\debug\main.dep
c:\users\billy_000\documents\micromouse\official\micromouse2017\firmware\firmware\visualgdb\debug\startup_stm32l476xx.dep
c:\users\billy_000\documents\micromouse\official\micromouse2017\firmware\firmware\visualgdb\debug\stm32l4xx_hal.dep
c:\users\billy_000\documents\micromouse\official\micromouse2017\firmware\firmware\visualgdb\debug\stm32l4xx_hal_cortex.dep
c:\users\billy_000\documents\micromouse\official\micromouse2017\firmware\firmware\visualgdb\debug\stm32l4xx_hal_dma.dep
c:\users\billy_000\documents\micromouse\official\micromouse2017\firmware\firmware\visualgdb\debug\stm32l4xx_hal_gpio.dep
c:\users\billy_000\documents\micromouse\official\micromouse2017\firmware\firmware\visualgdb\debug\stm32l4xx_hal_i2c.dep
c:\users\billy_000\documents\micromouse\official\micromouse2017\firmware\firmware\visualgdb\debug\stm32l4xx_hal_i2c_ex.dep
c:\users\billy_000\documents\micromouse\official\micromouse2017\firmware\firmware\visualgdb\debug\stm32l4xx_hal_msp.dep
c:\users\billy_000\documents\micromouse\official\micromouse2017\firmware\firmware\visualgdb\debug\stm32l4xx_hal_pwr.dep
c:\users\billy_000\documents\micromouse\official\micromouse2017\firmware\firmware\visualgdb\debug\stm32l4xx_hal_pwr_ex.dep
c:\users\billy_000\documents\micromouse\official\micromouse2017\firmware\firmware\visualgdb\debug\stm32l4xx_hal_rcc.dep
c:\users\billy_000\documents\micromouse\official\micromouse2017\firmware\firmware\visualgdb\debug\stm32l4xx_hal_rcc_ex.dep
c:\users\billy_000\documents\micromouse\official\micromouse2017\firmware\firmware\visualgdb\debug\stm32l4xx_hal_uart.dep
c:\users\billy_000\documents\micromouse\official\micromouse2017\firmware\firmware\visualgdb\debug\stm32l4xx_hal_uart_ex.dep
c:\users\billy_000\documents\micromouse\official\micromouse2017\firmware\firmware\visualgdb\debug\stm32l4xx_it.dep
c:\users\billy_000\documents\micromouse\official\micromouse2017\firmware\firmware\visualgdb\debug\stm32l4xx_nucleo.dep
c:\users\billy_000\documents\micromouse\official\micromouse2017\firmware\firmware\visualgdb\debug\system_stm32l4xx.dep
c:\users\billy_000\documents\micromouse\official\micromouse2017\firmware\firmware\visualgdb\debug\main.gcc.rsp
c:\users\billy_000\documents\micromouse\official\micromouse2017\firmware\firmware\visualgdb\debug\startup_stm32l476xx.gcc.rsp
c:\users\billy_000\documents\micromouse\official\micromouse2017\firmware\firmware\visualgdb\debug\stm32l4xx_hal.gcc.rsp
c:\users\billy_000\documents\micromouse\official\micromouse2017\firmware\firmware\visualgdb\debug\stm32l4xx_hal_cortex.gcc.rsp
c:\users\billy_000\documents\micromouse\official\micromouse2017\firmware\firmware\visualgdb\debug\stm32l4xx_hal_dma.gcc.rsp
c:\users\billy_000\documents\micromouse\official\micromouse2017\firmware\firmware\visualgdb\debug\stm32l4xx_hal_gpio.gcc.rsp
c:\users\billy_000\documents\micromouse\official\micromouse2017\firmware\firmware\visualgdb\debug\stm32l4xx_hal_i2c.gcc.rsp
c:\users\billy_000\documents\micromouse\official\micromouse2017\firmware\firmware\visualgdb\debug\stm32l4xx_hal_i2c_ex.gcc.rsp
c:\users\billy_000\documents\micromouse\official\micromouse2017\firmware\firmware\visualgdb\debug\stm32l4xx_hal_msp.gcc.rsp
c:\users\billy_000\documents\micromouse\official\micromouse2017\firmware\firmware\visualgdb\debug\stm32l4xx_hal_pwr.gcc.rsp
c:\users\billy_000\documents\micromouse\official\micromouse2017\firmware\firmware\visualgdb\debug\stm32l4xx_hal_pwr_ex.gcc.rsp
c:\users\billy_000\documents\micromouse\official\micromouse2017\firmware\firmware\visualgdb\debug\stm32l4xx_hal_rcc.gcc.rsp
c:\users\billy_000\documents\micromouse\official\micromouse2017\firmware\firmware\visualgdb\debug\stm32l4xx_hal_rcc_ex.gcc.rsp
c:\users\billy_000\documents\micromouse\official\micromouse2017\firmware\firmware\visualgdb\debug\stm32l4xx_hal_uart.gcc.rsp
c:\users\billy_000\documents\micromouse\official\micromouse2017\firmware\firmware\visualgdb\debug\stm32l4xx_hal_uart_ex.gcc.rsp
c:\users\billy_000\documents\micromouse\official\micromouse2017\firmware\firmware\visualgdb\debug\stm32l4xx_it.gcc.rsp
c:\users\billy_000\documents\micromouse\official\micromouse2017\firmware\firmware\visualgdb\debug\stm32l4xx_nucleo.gcc.rsp
c:\users\billy_000\documents\micromouse\official\micromouse2017\firmware\firmware\visualgdb\debug\system_stm32l4xx.gcc.rsp
c:\users\billy_000\documents\micromouse\official\micromouse2017\firmware\firmware\visualgdb\debug\firmware.alldeps
